<?xml version="1.0" encoding="UTF-8"?>
<!-- Generated by org.testng.reporters.JUnitXMLReporter -->
<testsuite ignored="0" hostname="DESKTOP-2QG4FP1" failures="0" tests="3" name="Default test" time="56.828" errors="0" timestamp="2024-04-22T18:50:52 IST">
  <testcase classname="lambdaTestSelenium.lambdaTestSeleniumMac" name="testScenario1" time="9.971"/>
  <testcase classname="lambdaTestSelenium.lambdaTestSeleniumMac" name="testScenario2" time="8.236"/>
  <testcase classname="lambdaTestSelenium.lambdaTestSeleniumMac" name="testScenario3" time="22.907"/>
</testsuite> <!-- Default test -->
