<?xml version="1.0" encoding="UTF-8"?>
<testng-results ignored="0" total="3" passed="3" failed="0" skipped="0">
  <reporter-output>
  </reporter-output>
  <suite started-at="2024-04-22T18:49:55 IST" name="Default suite" finished-at="2024-04-22T18:50:52 IST" duration-ms="56828">
    <groups>
    </groups>
    <test started-at="2024-04-22T18:49:55 IST" name="Default test" finished-at="2024-04-22T18:50:52 IST" duration-ms="56828">
      <class name="lambdaTestSelenium.lambdaTestSeleniumMac">
        <test-method is-config="true" signature="setUp()[pri:0, instance:lambdaTestSelenium.lambdaTestSeleniumMac@776aec5c]" started-at="2024-04-22T18:49:55 IST" name="setUp" finished-at="2024-04-22T18:50:10 IST" duration-ms="15181" status="PASS">
          <reporter-output>
          </reporter-output>
        </test-method> <!-- setUp -->
        <test-method signature="testScenario1()[pri:0, instance:lambdaTestSelenium.lambdaTestSeleniumMac@776aec5c]" started-at="2024-04-22T18:50:10 IST" name="testScenario1" finished-at="2024-04-22T18:50:20 IST" duration-ms="9971" status="PASS">
          <reporter-output>
          </reporter-output>
        </test-method> <!-- testScenario1 -->
        <test-method signature="testScenario2()[pri:0, instance:lambdaTestSelenium.lambdaTestSeleniumMac@776aec5c]" started-at="2024-04-22T18:50:20 IST" name="testScenario2" finished-at="2024-04-22T18:50:29 IST" duration-ms="8236" status="PASS">
          <reporter-output>
          </reporter-output>
        </test-method> <!-- testScenario2 -->
        <test-method signature="testScenario3()[pri:0, instance:lambdaTestSelenium.lambdaTestSeleniumMac@776aec5c]" started-at="2024-04-22T18:50:29 IST" name="testScenario3" finished-at="2024-04-22T18:50:52 IST" duration-ms="22907" status="PASS">
          <reporter-output>
          </reporter-output>
        </test-method> <!-- testScenario3 -->
        <test-method is-config="true" signature="tearDown()[pri:0, instance:lambdaTestSelenium.lambdaTestSeleniumMac@776aec5c]" started-at="2024-04-22T18:50:52 IST" name="tearDown" finished-at="2024-04-22T18:50:52 IST" duration-ms="427" status="PASS">
          <reporter-output>
          </reporter-output>
        </test-method> <!-- tearDown -->
      </class> <!-- lambdaTestSelenium.lambdaTestSeleniumMac -->
    </test> <!-- Default test -->
  </suite> <!-- Default suite -->
</testng-results>
